<?xml version="1.0" encoding="UTF-8"?>
<!-- Generated by org.testng.reporters.JUnitReportReporter -->
<testsuite hostname="DESKTOP-LNJFE5L" failures="0" tests="1" name="com.demoqa.tests.PracticeFormTest" time="7.045" errors="0" timestamp="2024-04-18T16:27:37 MESZ" skipped="0">
  <testcase classname="com.demoqa.tests.PracticeFormTest" name="createStudentAccountTest" time="7.045"/>
</testsuite> <!-- com.demoqa.tests.PracticeFormTest -->
